<?xml version="1.0" encoding="UTF-8"?>
<coverage generated="1700000000" clover="3.2.0">
  <project name="demo" timestamp="1700000000">
    <file name="Order.php" path="src/Order.php">
      <metrics statements="3" coveredstatements="2"/>
      <line num="3" type="method" count="1"/>
      <line num="4" type="stmt" count="5"/>
      <line num="5" type="stmt" count="0"/>
      <line num="6" type="stmt" count="2"/>
      <line num="7" type="cond" count="1" truecount="1" falsecount="0"/>
    </file>
    <file name="Cart.php" path="src/Cart.php">
      <line num="2" type="stmt" count="1"/>
      <line num="3" type="stmt" count="0"/>
    </file>
  </project>
</coverage>
