<?xml version="1.0" ?>
<!DOCTYPE coverage SYSTEM "http://cobertura.sourceforge.net/xml/coverage-04.dtd">
<coverage line-rate="0.6" branch-rate="0.5" version="6.5.0" timestamp="1700000000">
  <packages>
    <package name="app" line-rate="0.6" branch-rate="0.5">
      <classes>
        <class name="app.module" filename="app/module.py" line-rate="0.75">
          <lines>
            <line number="1" hits="3"/>
            <line number="2" hits="1"/>
            <line number="3" hits="0"/>
            <line number="4" hits="2"/>
          </lines>
        </class>
        <class name="app.util" filename="app/util.py" line-rate="0.5">
          <lines>
            <line number="1" hits="1"/>
            <line number="2" hits="0"/>
          </lines>
        </class>
      </classes>
    </package>
  </packages>
</coverage>
