<?xml version="1.0" encoding="UTF-8" standalone="yes"?>
<!DOCTYPE report PUBLIC "-//JACOCO//DTD Report 1.1//EN" "report.dtd">
<report name="demo">
  <package name="com/example">
    <sourcefile name="Calculator.java">
      <line nr="1" mi="0" ci="3"/>
      <line nr="2" mi="0" ci="2"/>
      <line nr="3" mi="0" ci="4"/>
      <line nr="4" mi="0" ci="1"/>
      <line nr="5" mi="0" ci="2"/>
      <line nr="6" mi="0" ci="1"/>
      <line nr="7" mi="0" ci="3"/>
      <line nr="8" mi="0" ci="2"/>
      <line nr="9" mi="2" ci="0"/>
      <line nr="10" mi="3" ci="0"/>
      <counter type="LINE" missed="2" covered="8"/>
      <counter type="METHOD" missed="0" covered="3"/>
    </sourcefile>
    <sourcefile name="Parser.java">
      <line nr="1" mi="0" ci="2"/>
      <line nr="2" mi="0" ci="2"/>
      <line nr="3" mi="0" ci="1"/>
      <line nr="4" mi="0" ci="3"/>
      <line nr="5" mi="0" ci="1"/>
      <line nr="6" mi="2" ci="0"/>
      <line nr="7" mi="1" ci="0"/>
      <line nr="8" mi="3" ci="0"/>
      <line nr="9" mi="1" ci="0"/>
      <line nr="10" mi="2" ci="0"/>
      <counter type="LINE" missed="5" covered="5"/>
    </sourcefile>
  </package>
</report>
